-------------------------------------------------------------------------------
Test set: TestSuite
-------------------------------------------------------------------------------
Tests run: 15, Failures: 1, Errors: 0, Skipped: 0, Time elapsed: 4.518 s <<< FAILURE! - in TestSuite
testLogin[0] on testLogin[0](Java.LoginCaseTest)(Java.LoginCaseTest)  Time elapsed: 0.016 s  <<< FAILURE!
java.lang.AssertionError: expected:<0> but was:<204>
	at Java.LoginCaseTest.testLogin(LoginCaseTest.java:45)

