<?xml version="1.0" encoding="UTF-8"?>
<testng-results skipped="0" failed="0" ignored="0" total="15" passed="15">
  <reporter-output>
  </reporter-output>
  <suite name="Converted JUnit suite" duration-ms="6152" started-at="2017-07-26T11:02:16Z" finished-at="2017-07-26T11:02:22Z">
    <groups>
    </groups>
    <test name="JUnitTests" duration-ms="6152" started-at="2017-07-26T11:02:16Z" finished-at="2017-07-26T11:02:22Z">
      <class name="Java.LoginCaseTest">
        <test-method status="PASS" signature="testLogin()" name="testLogin[7]" duration-ms="16" started-at="2017-07-26T19:02:20Z" finished-at="2017-07-26T19:02:20Z">
          <reporter-output>
          </reporter-output>
        </test-method> <!-- testLogin[7] -->
        <test-method status="PASS" signature="testLogin()" name="testLogin[4]" duration-ms="16" started-at="2017-07-26T19:02:20Z" finished-at="2017-07-26T19:02:20Z">
          <reporter-output>
          </reporter-output>
        </test-method> <!-- testLogin[4] -->
        <test-method status="PASS" signature="testLogin()" name="testLogin[5]" duration-ms="16" started-at="2017-07-26T19:02:20Z" finished-at="2017-07-26T19:02:20Z">
          <reporter-output>
          </reporter-output>
        </test-method> <!-- testLogin[5] -->
        <test-method status="PASS" signature="testLogin()" name="testLogin[8]" duration-ms="16" started-at="2017-07-26T19:02:20Z" finished-at="2017-07-26T19:02:20Z">
          <reporter-output>
          </reporter-output>
        </test-method> <!-- testLogin[8] -->
        <test-method status="PASS" signature="testLogin()" name="testLogin[2]" duration-ms="16" started-at="2017-07-26T19:02:20Z" finished-at="2017-07-26T19:02:20Z">
          <reporter-output>
          </reporter-output>
        </test-method> <!-- testLogin[2] -->
        <test-method status="PASS" signature="testLogin()" name="testLogin[0]" duration-ms="16" started-at="2017-07-26T19:02:20Z" finished-at="2017-07-26T19:02:20Z">
          <reporter-output>
          </reporter-output>
        </test-method> <!-- testLogin[0] -->
        <test-method status="PASS" signature="testLogin()" name="testLogin[1]" duration-ms="16" started-at="2017-07-26T19:02:20Z" finished-at="2017-07-26T19:02:20Z">
          <reporter-output>
          </reporter-output>
        </test-method> <!-- testLogin[1] -->
        <test-method status="PASS" signature="testLogin()" name="testLogin[6]" duration-ms="16" started-at="2017-07-26T19:02:20Z" finished-at="2017-07-26T19:02:20Z">
          <reporter-output>
          </reporter-output>
        </test-method> <!-- testLogin[6] -->
        <test-method status="PASS" signature="testLogin()" name="testLogin[3]" duration-ms="16" started-at="2017-07-26T19:02:20Z" finished-at="2017-07-26T19:02:20Z">
          <reporter-output>
          </reporter-output>
        </test-method> <!-- testLogin[3] -->
      </class> <!-- Java.LoginCaseTest -->
      <class name="Java.CheckUserExistCaseTest">
        <test-method status="PASS" signature="testCheckUserExist()" name="testCheckUserExist[2]" duration-ms="0" started-at="2017-07-26T19:02:22Z" finished-at="2017-07-26T19:02:22Z">
          <reporter-output>
          </reporter-output>
        </test-method> <!-- testCheckUserExist[2] -->
        <test-method status="PASS" signature="testCheckUserExist()" name="testCheckUserExist[3]" duration-ms="0" started-at="2017-07-26T19:02:22Z" finished-at="2017-07-26T19:02:22Z">
          <reporter-output>
          </reporter-output>
        </test-method> <!-- testCheckUserExist[3] -->
        <test-method status="PASS" signature="testCheckUserExist()" name="testCheckUserExist[0]" duration-ms="0" started-at="2017-07-26T19:02:22Z" finished-at="2017-07-26T19:02:22Z">
          <reporter-output>
          </reporter-output>
        </test-method> <!-- testCheckUserExist[0] -->
        <test-method status="PASS" signature="testCheckUserExist()" name="testCheckUserExist[5]" duration-ms="0" started-at="2017-07-26T19:02:22Z" finished-at="2017-07-26T19:02:22Z">
          <reporter-output>
          </reporter-output>
        </test-method> <!-- testCheckUserExist[5] -->
        <test-method status="PASS" signature="testCheckUserExist()" name="testCheckUserExist[4]" duration-ms="0" started-at="2017-07-26T19:02:22Z" finished-at="2017-07-26T19:02:22Z">
          <reporter-output>
          </reporter-output>
        </test-method> <!-- testCheckUserExist[4] -->
        <test-method status="PASS" signature="testCheckUserExist()" name="testCheckUserExist[1]" duration-ms="0" started-at="2017-07-26T19:02:22Z" finished-at="2017-07-26T19:02:22Z">
          <reporter-output>
          </reporter-output>
        </test-method> <!-- testCheckUserExist[1] -->
      </class> <!-- Java.CheckUserExistCaseTest -->
    </test> <!-- JUnitTests -->
  </suite> <!-- Converted JUnit suite -->
</testng-results>
